This is pdfTeX, Version 3.141592653-2.6-1.40.29 (MiKTeX 26.2) (preloaded format=pdflatex 2026.5.9)  9 MAY 2026 11:51
entering extended mode
 restricted \write18 enabled.
 file:line:error style messages enabled.
 %&-line parsing enabled.
**./plantilla_proyecto.tex
(plantilla_proyecto.tex
LaTeX2e <2025-11-01>
L3 programming layer <2026-03-20>
(C:\Users\erick\AppData\Local\Programs\MiKTeX\tex/latex/base\article.cls
Document Class: article 2025/01/22 v1.4n Standard LaTeX document class
(C:\Users\erick\AppData\Local\Programs\MiKTeX\tex/latex/base\size10.clo
File: size10.clo 2025/01/22 v1.4n Standard LaTeX file (size option)
)
\c@part=\count275
\c@section=\count276
\c@subsection=\count277
\c@subsubsection=\count278
\c@paragraph=\count279
\c@subparagraph=\count280
\c@figure=\count281
\c@table=\count282
\abovecaptionskip=\skip49
\belowcaptionskip=\skip50
\bibindent=\dimen150
)
(C:\Users\erick\AppData\Local\Programs\MiKTeX\tex/generic/babel\babel.sty
Package: babel 2026/04/15 v26.6 The multilingual framework for LuaLaTeX, pdfLaT
eX and XeLaTeX
\babel@savecnt=\count283
LaTeX Encoding Info:    Redeclaring text command \ij (encoding OT1) on input li
ne 2078.
LaTeX Encoding Info:    Redeclaring text command \IJ (encoding OT1) on input li
ne 2080.
LaTeX Encoding Info:    Redeclaring text command \ij (encoding T1) on input lin
e 2082.
LaTeX Encoding Info:    Redeclaring text command \IJ (encoding T1) on input lin
e 2083.
LaTeX Encoding Info:    Ignoring declaration for text command \ij (encoding ?) 
on input line 2084.
LaTeX Encoding Info:    Ignoring declaration for text command \IJ (encoding ?) 
on input line 2086.
LaTeX Encoding Info:    Ignoring declaration for text command \SS (encoding ?) 
on input line 2111.
\U@D=\dimen151
\l@unhyphenated=\language79

(C:\Users\erick\AppData\Local\Programs\MiKTeX\tex/generic/babel\txtbabel.def)
\bbl@readstream=\read2
\bbl@dirlevel=\count284
Package babel Info: Configuration files are deprecated, as
(babel)             they can break document portability.
(babel)             Reported on input line 4206.

*************************************
* Local config file bblopts.cfg used
*
(C:\Users\erick\AppData\Local\Programs\MiKTeX\tex/latex/arabi\bblopts.cfg
File: bblopts.cfg 2005/09/08 v0.1 add Arabic and Farsi to "declared" options of
 babel
)
(C:\Users\erick\AppData\Local\Programs\MiKTeX\tex/generic/babel/locale/es\babel
-spanish.tex)
Package babel Info: Importing font and identification data for spanish
(babel)             from babel-es.ini. Reported on input line 4330.

(C:\Users\erick\AppData\Local\Programs\MiKTeX\tex/latex/babel-spanish\spanish.l
df
Language: spanish.ldf 2021/05/27 v5.0q Spanish support from the babel system
\es@quottoks=\toks17
\es@quotdepth=\count285
Package babel Info: Making " an active character on input line 570.
Package babel Info: Making . an active character on input line 675.
Package babel Info: Making < an active character on input line 722.
Package babel Info: Making > an active character on input line 722.
))
LaTeX Encoding Info:    Redeclaring text command \guillemotleft (encoding OT1) 
on input line 5.
LaTeX Encoding Info:    Redeclaring text command \guillemotright (encoding OT1)
 on input line 5.

(C:\Users\erick\AppData\Local\Programs\MiKTeX\tex/latex/geometry\geometry.sty
Package: geometry 2026/03/07 v6.0 Page Geometry

(C:\Users\erick\AppData\Local\Programs\MiKTeX\tex/latex/graphics\keyval.sty
Package: keyval 2022/05/29 v1.15 key=value parser (DPC)
\KV@toks@=\toks18
)
(C:\Users\erick\AppData\Local\Programs\MiKTeX\tex/generic/iftex\ifvtex.sty
Package: ifvtex 2019/10/25 v1.7 ifvtex legacy package. Use iftex instead.

(C:\Users\erick\AppData\Local\Programs\MiKTeX\tex/generic/iftex\iftex.sty
Package: iftex 2024/12/12 v1.0g TeX engine tests
))
\Gm@cnth=\count286
\Gm@cntv=\count287
\c@Gm@tempcnt=\count288
\Gm@bindingoffset=\dimen152
\Gm@wd@mp=\dimen153
\Gm@odd@mp=\dimen154
\Gm@even@mp=\dimen155
\Gm@layoutwidth=\dimen156
\Gm@layoutheight=\dimen157
\Gm@layouthoffset=\dimen158
\Gm@layoutvoffset=\dimen159
\Gm@dimlist=\toks19

(C:\Users\erick\AppData\Local\Programs\MiKTeX\tex/latex/geometry\geometry.cfg))
(C:\Users\erick\AppData\Local\Programs\MiKTeX\tex/latex/amsmath\amsmath.sty
Package: amsmath 2025/07/09 v2.17z AMS math features
\@mathmargin=\skip51

For additional information on amsmath, use the `?' option.
(C:\Users\erick\AppData\Local\Programs\MiKTeX\tex/latex/amsmath\amstext.sty
Package: amstext 2024/11/17 v2.01 AMS text

(C:\Users\erick\AppData\Local\Programs\MiKTeX\tex/latex/amsmath\amsgen.sty
File: amsgen.sty 1999/11/30 v2.0 generic functions
\@emptytoks=\toks20
\ex@=\dimen160
))
(C:\Users\erick\AppData\Local\Programs\MiKTeX\tex/latex/amsmath\amsbsy.sty
Package: amsbsy 1999/11/29 v1.2d Bold Symbols
\pmbraise@=\dimen161
)
(C:\Users\erick\AppData\Local\Programs\MiKTeX\tex/latex/amsmath\amsopn.sty
Package: amsopn 2022/04/08 v2.04 operator names
)
\inf@bad=\count289
LaTeX Info: Redefining \frac on input line 233.
\uproot@=\count290
\leftroot@=\count291
LaTeX Info: Redefining \overline on input line 398.
LaTeX Info: Redefining \colon on input line 409.
\classnum@=\count292
\DOTSCASE@=\count293
LaTeX Info: Redefining \ldots on input line 495.
LaTeX Info: Redefining \dots on input line 498.
LaTeX Info: Redefining \cdots on input line 619.
\Mathstrutbox@=\box53
\strutbox@=\box54
LaTeX Info: Redefining \big on input line 721.
LaTeX Info: Redefining \Big on input line 722.
LaTeX Info: Redefining \bigg on input line 723.
LaTeX Info: Redefining \Bigg on input line 724.
\big@size=\dimen162
LaTeX Font Info:    Redeclaring font encoding OML on input line 742.
LaTeX Font Info:    Redeclaring font encoding OMS on input line 743.
\macc@depth=\count294
LaTeX Info: Redefining \bmod on input line 904.
LaTeX Info: Redefining \pmod on input line 909.
LaTeX Info: Redefining \smash on input line 939.
LaTeX Info: Redefining \relbar on input line 969.
LaTeX Info: Redefining \Relbar on input line 970.
\c@MaxMatrixCols=\count295
\dotsspace@=\muskip17
\c@parentequation=\count296
\dspbrk@lvl=\count297
\tag@help=\toks21
\row@=\count298
\column@=\count299
\maxfields@=\count300
\andhelp@=\toks22
\eqnshift@=\dimen163
\alignsep@=\dimen164
\tagshift@=\dimen165
\tagwidth@=\dimen166
\totwidth@=\dimen167
\lineht@=\dimen168
\@envbody=\toks23
\multlinegap=\skip52
\multlinetaggap=\skip53
\mathdisplay@stack=\toks24
LaTeX Info: Redefining \[ on input line 2950.
LaTeX Info: Redefining \] on input line 2951.
)
(C:\Users\erick\AppData\Local\Programs\MiKTeX\tex/latex/graphics\graphicx.sty
Package: graphicx 2024/12/31 v1.2e Enhanced LaTeX Graphics (DPC,SPQR)

(C:\Users\erick\AppData\Local\Programs\MiKTeX\tex/latex/graphics\graphics.sty
Package: graphics 2024/08/06 v1.4g Standard LaTeX Graphics (DPC,SPQR)

(C:\Users\erick\AppData\Local\Programs\MiKTeX\tex/latex/graphics\trig.sty
Package: trig 2023/12/02 v1.11 sin cos tan (DPC)
)
(C:\Users\erick\AppData\Local\Programs\MiKTeX\tex/latex/graphics-cfg\graphics.c
fg
File: graphics.cfg 2016/06/04 v1.11 sample graphics configuration
)
Package graphics Info: Driver file: pdftex.def on input line 106.

(C:\Users\erick\AppData\Local\Programs\MiKTeX\tex/latex/graphics-def\pdftex.def
File: pdftex.def 2025/09/29 v1.2d Graphics/color driver for pdftex
))
\Gin@req@height=\dimen169
\Gin@req@width=\dimen170
)
(C:\Users\erick\AppData\Local\Programs\MiKTeX\tex/latex/hyperref\hyperref.sty
Package: hyperref 2026-04-24 v7.01q Hypertext links for LaTeX

(C:\Users\erick\AppData\Local\Programs\MiKTeX\tex/latex/kvsetkeys\kvsetkeys.sty
Package: kvsetkeys 2022-10-05 v1.19 Key value parser (HO)
)
(C:\Users\erick\AppData\Local\Programs\MiKTeX\tex/generic/kvdefinekeys\kvdefine
keys.sty
Package: kvdefinekeys 2019-12-19 v1.6 Define keys (HO)
)
(C:\Users\erick\AppData\Local\Programs\MiKTeX\tex/generic/pdfescape\pdfescape.s
ty
Package: pdfescape 2019/12/09 v1.15 Implements pdfTeX's escape features (HO)

(C:\Users\erick\AppData\Local\Programs\MiKTeX\tex/generic/ltxcmds\ltxcmds.sty
Package: ltxcmds 2023-12-04 v1.26 LaTeX kernel commands for general use (HO)
)
(C:\Users\erick\AppData\Local\Programs\MiKTeX\tex/generic/pdftexcmds\pdftexcmds
.sty
Package: pdftexcmds 2020-06-27 v0.33 Utility functions of pdfTeX for LuaTeX (HO
)

(C:\Users\erick\AppData\Local\Programs\MiKTeX\tex/generic/infwarerr\infwarerr.s
ty
Package: infwarerr 2019/12/03 v1.5 Providing info/warning/error messages (HO)
)
Package pdftexcmds Info: \pdf@primitive is available.
Package pdftexcmds Info: \pdf@ifprimitive is available.
Package pdftexcmds Info: \pdfdraftmode found.
))
(C:\Users\erick\AppData\Local\Programs\MiKTeX\tex/latex/hycolor\hycolor.sty
Package: hycolor 2020-01-27 v1.10 Color options for hyperref/bookmark (HO)
)
(C:\Users\erick\AppData\Local\Programs\MiKTeX\tex/latex/hyperref\nameref.sty
Package: nameref 2026-01-29 v2.58 Cross-referencing by name of section

(C:\Users\erick\AppData\Local\Programs\MiKTeX\tex/latex/refcount\refcount.sty
Package: refcount 2019/12/15 v3.6 Data extraction from label references (HO)
)
(C:\Users\erick\AppData\Local\Programs\MiKTeX\tex/generic/gettitlestring\gettit
lestring.sty
Package: gettitlestring 2019/12/15 v1.6 Cleanup title references (HO)

(C:\Users\erick\AppData\Local\Programs\MiKTeX\tex/latex/kvoptions\kvoptions.sty
Package: kvoptions 2022-06-15 v3.15 Key value format for package options (HO)
))
\c@section@level=\count301
)
(C:\Users\erick\AppData\Local\Programs\MiKTeX\tex/latex/etoolbox\etoolbox.sty
Package: etoolbox 2025/10/02 v2.5m e-TeX tools for LaTeX (JAW)
\etb@tempcnta=\count302
)
(C:\Users\erick\AppData\Local\Programs\MiKTeX\tex/generic/stringenc\stringenc.s
ty
Package: stringenc 2019/11/29 v1.12 Convert strings between diff. encodings (HO
)
)
\@linkdim=\dimen171
\Hy@linkcounter=\count303
\Hy@pagecounter=\count304
 (C:\Users\erick\AppData\Local\Programs\MiKTeX\tex/latex/hyperref\pd1enc.def
File: pd1enc.def 2026-04-24 v7.01q Hyperref: PDFDocEncoding definition (HO)
Now handling font encoding PD1 ...
... no UTF-8 mapping file for font encoding PD1
) (C:\Users\erick\AppData\Local\Programs\MiKTeX\tex/generic/intcalc\intcalc.sty
Package: intcalc 2019/12/15 v1.3 Expandable calculations with integers (HO)
)
\Hy@SavedSpaceFactor=\count305
 (C:\Users\erick\AppData\Local\Programs\MiKTeX\tex/latex/hyperref\puenc.def
File: puenc.def 2026-04-24 v7.01q Hyperref: PDF Unicode definition (HO)
Now handling font encoding PU ...
... no UTF-8 mapping file for font encoding PU
)
Package hyperref Info: Option `colorlinks' set `true' on input line 4070.
Package hyperref Info: Hyper figures OFF on input line 4199.
Package hyperref Info: Link nesting OFF on input line 4204.
Package hyperref Info: Hyper index ON on input line 4207.
Package hyperref Info: Plain pages OFF on input line 4214.
Package hyperref Info: Backreferencing OFF on input line 4219.
Package hyperref Info: Implicit mode ON; LaTeX internals redefined.
Package hyperref Info: Bookmarks ON on input line 4466.
\c@Hy@tempcnt=\count306

(C:\Users\erick\AppData\Local\Programs\MiKTeX\tex/latex/url\url.sty
\Urlmuskip=\muskip18
Package: url 2013/09/16  ver 3.4  Verb mode for urls, etc.
)
LaTeX Info: Redefining \url on input line 4805.
\XeTeXLinkMargin=\dimen172

(C:\Users\erick\AppData\Local\Programs\MiKTeX\tex/generic/bitset\bitset.sty
Package: bitset 2019/12/09 v1.3 Handle bit-vector datatype (HO)

(C:\Users\erick\AppData\Local\Programs\MiKTeX\tex/generic/bigintcalc\bigintcalc
.sty
Package: bigintcalc 2019/12/15 v1.5 Expandable calculations on big integers (HO
)
))
\Fld@menulength=\count307
\Field@Width=\dimen173
\Fld@charsize=\dimen174
Package hyperref Info: Hyper figures OFF on input line 6091.
Package hyperref Info: Link nesting OFF on input line 6096.
Package hyperref Info: Hyper index ON on input line 6099.
Package hyperref Info: backreferencing OFF on input line 6106.
Package hyperref Info: Link coloring ON on input line 6109.
Package hyperref Info: Link coloring with OCG OFF on input line 6116.
Package hyperref Info: PDF/A mode OFF on input line 6121.
\Hy@abspage=\count308
\c@Item=\count309
\c@Hfootnote=\count310
)
Package hyperref Info: Driver (autodetected): hpdftex.

(C:\Users\erick\AppData\Local\Programs\MiKTeX\tex/latex/hyperref\hpdftex.def
File: hpdftex.def 2026-04-24 v7.01q Hyperref driver for pdfTeX
\Fld@listcount=\count311
\c@bookmark@seq@number=\count312

(C:\Users\erick\AppData\Local\Programs\MiKTeX\tex/latex/rerunfilecheck\rerunfil
echeck.sty
Package: rerunfilecheck 2025-06-21 v1.11 Rerun checks for auxiliary files (HO)

(C:\Users\erick\AppData\Local\Programs\MiKTeX\tex/generic/uniquecounter\uniquec
ounter.sty
Package: uniquecounter 2019/12/15 v1.4 Provide unlimited unique counter (HO)
)
Package uniquecounter Info: New unique counter `rerunfilecheck' on input line 2
84.
)
\Hy@SectionHShift=\skip54
)
(C:\Users\erick\AppData\Local\Programs\MiKTeX\tex/latex/fancyhdr\fancyhdr.sty
Package: fancyhdr 2025/02/07 v5.2 Extensive control of page headers and footers

\f@nch@headwidth=\skip55
\f@nch@offset@elh=\skip56
\f@nch@offset@erh=\skip57
\f@nch@offset@olh=\skip58
\f@nch@offset@orh=\skip59
\f@nch@offset@elf=\skip60
\f@nch@offset@erf=\skip61
\f@nch@offset@olf=\skip62
\f@nch@offset@orf=\skip63
\f@nch@height=\skip64
\f@nch@footalignment=\skip65
\f@nch@widthL=\skip66
\f@nch@widthC=\skip67
\f@nch@widthR=\skip68
\@temptokenb=\toks25
)
(C:\Users\erick\AppData\Local\Programs\MiKTeX\tex/latex/booktabs\booktabs.sty
Package: booktabs 2020/01/12 v1.61803398 Publication quality tables
\heavyrulewidth=\dimen175
\lightrulewidth=\dimen176
\cmidrulewidth=\dimen177
\belowrulesep=\dimen178
\belowbottomsep=\dimen179
\aboverulesep=\dimen180
\abovetopsep=\dimen181
\cmidrulesep=\dimen182
\cmidrulekern=\dimen183
\defaultaddspace=\dimen184
\@cmidla=\count313
\@cmidlb=\count314
\@aboverulesep=\dimen185
\@belowrulesep=\dimen186
\@thisruleclass=\count315
\@lastruleclass=\count316
\@thisrulewidth=\dimen187
)
(C:\Users\erick\AppData\Local\Programs\MiKTeX\tex/latex/tools\array.sty
Package: array 2025/09/25 v2.6n Tabular extension package (FMi)
\col@sep=\dimen188
\ar@mcellbox=\box55
\extrarowheight=\dimen189
\NC@list=\toks26
\extratabsurround=\skip69
\backup@length=\skip70
\ar@cellbox=\box56
)
(C:\Users\erick\AppData\Local\Programs\MiKTeX\tex/latex/parskip\parskip.sty
Package: parskip 2021-03-14 v2.0h non-zero parskip adjustments
)
(C:\Users\erick\AppData\Local\Programs\MiKTeX\tex/latex/xcolor\xcolor.sty
Package: xcolor 2024/09/29 v3.02 LaTeX color extensions (UK)

(C:\Users\erick\AppData\Local\Programs\MiKTeX\tex/latex/graphics-cfg\color.cfg
File: color.cfg 2016/01/02 v1.6 sample color configuration
)
Package xcolor Info: Driver file: pdftex.def on input line 274.
(C:\Users\erick\AppData\Local\Programs\MiKTeX\tex/latex/graphics\mathcolor.ltx)
Package xcolor Info: Model `cmy' substituted by `cmy0' on input line 1349.
Package xcolor Info: Model `hsb' substituted by `rgb' on input line 1353.
Package xcolor Info: Model `RGB' extended on input line 1365.
Package xcolor Info: Model `HTML' substituted by `rgb' on input line 1367.
Package xcolor Info: Model `Hsb' substituted by `hsb' on input line 1368.
Package xcolor Info: Model `tHsb' substituted by `hsb' on input line 1369.
Package xcolor Info: Model `HSB' substituted by `hsb' on input line 1370.
Package xcolor Info: Model `Gray' substituted by `gray' on input line 1371.
Package xcolor Info: Model `wave' substituted by `hsb' on input line 1372.
)
(C:\Users\erick\AppData\Local\Programs\MiKTeX\tex/latex/tabularray\tabularray.s
ty
Package: tabularray 2025-11-27 v2025C Typeset tabulars and arrays with LaTeX3

(C:\Users\erick\AppData\Local\Programs\MiKTeX\tex/latex/ninecolors\ninecolors.s
ty
Package: ninecolors 2022-02-13 v2022D Select colors with proper color contrast

(C:\Users\erick\AppData\Local\Programs\MiKTeX\tex/latex/l3packages/xparse\xpars
e.sty
(C:\Users\erick\AppData\Local\Programs\MiKTeX\tex/latex/l3kernel\expl3.sty
Package: expl3 2026-03-20 L3 programming layer (loader) 

(C:\Users\erick\AppData\Local\Programs\MiKTeX\tex/latex/l3backend\l3backend-pdf
tex.def
File: l3backend-pdftex.def 2026-02-18 L3 backend support: PDF output (pdfTeX)
\l__color_backend_stack_int=\count317
))
Package: xparse 2025-10-09 L3 Experimental document command parser
))
\g__tblr_nohyper_int=\count318
\l__tblr_a_int=\count319
\l__tblr_c_int=\count320
\l__tblr_r_int=\count321
\l__tblr_d_dim=\dimen190
\l__tblr_h_dim=\dimen191
\l__tblr_o_dim=\dimen192
\l__tblr_p_dim=\dimen193
\l__tblr_q_dim=\dimen194
\l__tblr_r_dim=\dimen195
\l__tblr_s_dim=\dimen196
\l__tblr_t_dim=\dimen197
\l__tblr_v_dim=\dimen198
\l__tblr_w_dim=\dimen199
\l__tblr_a_box=\box57
\l__tblr_b_box=\box58
\l__tblr_c_box=\box59
\l__tblr_d_box=\box60
\c@tblrcount=\count322
\c@rownum=\count323
\c@colnum=\count324
\c@rowcount=\count325
\c@colcount=\count326
\abovesep=\dimen256
\belowsep=\dimen257
\leftsep=\dimen258
\rightsep=\dimen259
\gTblrLevelInt=\count327
\g__tblr_data_row_key_count_int=\count328
\g__tblr_data_column_key_count_int=\count329
\g__tblr_data_cell_key_count_int=\count330
\g__tblr_array_int=\count331
\l__tblr_key_count_int=\count332
\l__tblr_key_quotient_int=\count333
\l__tblr_key_quotient_two_int=\count334
\l__tblr_key_remainder_int=\count335
\g__tblr_data_str_value_count_int=\count336
\lTblrChildTotalInt=\count337
\lTblrChildHtotalInt=\count338
\lTblrChildVtotalInt=\count339
\l__child_diff_h_int=\count340
\l__child_diff_v_int=\count341
\l__child_sign_h_int=\count342
\l__child_sign_v_int=\count343
\l__child_step_int=\count344
\lTblrDefaultHruleWidthDim=\dimen260
\lTblrDefaultVruleWidthDim=\dimen261
\l__tblr_split_balance_int=\count345
\l__tblr_strut_dp_dim=\dimen262
\l__tblr_strut_ht_dim=\dimen263
\g__tblr_cell_wd_dim=\dimen264
\g__tblr_cell_ht_dim=\dimen265
\g__tblr_cell_head_dim=\dimen266
\g__tblr_cell_foot_dim=\dimen267
\l__tblr_measured_cell_box=\box61
\g__tblr_last_box=\box62
\l__tblr_temp_box=\box63
\l__tblr_column_target_dim=\dimen268
\l__tblr_hfuzz_dim=\dimen269
\l__tblr_caption_box=\box64
\l__tblr_caption_left_box=\box65
\lTblrRowHeadInt=\count346
\lTblrRowFootInt=\count347
\l__tblr_row_head_box=\box66
\l__tblr_row_foot_box=\box67
\l__tblr_row_head_foot_dim=\dimen270
\lTblrTableWidthDim=\dimen271
\l__tblr_table_firsthead_box=\box68
\l__tblr_table_middlehead_box=\box69
\l__tblr_table_lasthead_box=\box70
\l__tblr_table_firstfoot_box=\box71
\l__tblr_table_middlefoot_box=\box72
\l__tblr_table_lastfoot_box=\box73
\l__tblr_remain_height_dim=\dimen272
\l__tblr_next_rows_dim=\dimen273
\l__tblr_page_overfill_dim=\dimen274
\l__tblr_long_from_int=\count348
\l__tblr_long_to_int=\count349
\l__tblr_curr_i_int=\count350
\l__tblr_prev_i_int=\count351
\lTblrTablePageInt=\count352
\l__tblr_table_head_box=\box74
\l__tblr_table_foot_box=\box75
\l__tblr_table_head_foot_dim=\dimen275
\l__tblr_table_head_body_foot_dim=\dimen276
\l__tblr_table_box=\box76
\lTblrRowFirstInt=\count353
\lTblrRowLastInt=\count354
\l__tblr_cover_box_a_dim=\dimen277
\l__tblr_cover_box_b_dim=\dimen278
\l__tblr_table_hlines_box=\box77
\l__tblr_hline_box=\box78
\l__tblr_row_box=\box79
\l__tblr_col_o_wd_dim=\dimen279
\l__tblr_col_b_wd_dim=\dimen280
\l__tblr_hline_leftskip_dim=\dimen281
\l__tblr_hline_rightskip_dim=\dimen282
\l__tblr_row_ht_dim=\dimen283
\l__tblr_row_dp_dim=\dimen284
\l__tblr_row_abovesep_dim=\dimen285
\l__tblr_row_belowsep_dim=\dimen286
\l__tblr_row_vlines_box=\box80
\l__tblr_vline_box=\box81
\l__tblr_cell_box=\box82
\l__tblr_row_upper_dim=\dimen287
\l__tblr_row_lower_dim=\dimen288
\l__tblr_row_vpace_dim=\dimen289
\l__tblr_vline_aboveskip_dim=\dimen290
\l__tblr_vline_belowskip_dim=\dimen291
\lTblrCellRowSpanInt=\count355
\lTblrCellColSpanInt=\count356
\l__tblr_cell_wd_dim=\dimen292
\l__tblr_cell_ht_dim=\dimen293
\lTblrCellAboveBorderWidthDim=\dimen294
\lTblrCellBelowBorderWidthDim=\dimen295
\lTblrCellLeftBorderWidthDim=\dimen296
\lTblrCellRightBorderWidthDim=\dimen297
\l__tblr_diag_box=\box83
\l__tblr_cell_inner_wd_dim=\dimen298
\l__tblr_cell_inner_dp_dim=\dimen299
\l__tblr_cell_hanchor_dim=\dimen300
\l__tblr_last_cell_table_ht_dim=\dimen301
\l__tblr_last_cell_table_dp_dim=\dimen302
\l__tblr_last_vline_wd_dim=\dimen303
\l__tblr_tikz_node_box=\box84
)
(C:\Users\erick\AppData\Local\Programs\MiKTeX\tex/latex/colortbl\colortbl.sty
Package: colortbl 2024/10/29 v1.0k Color table columns (DPC)
\everycr=\toks27
\minrowclearance=\skip71
)
(C:\Users\erick\AppData\Local\Programs\MiKTeX\tex/latex/makecell\makecell.sty
Package: makecell 2009/08/03 V0.1e Managing of Tab Column Heads and Cells
\rotheadsize=\dimen304
\c@nlinenum=\count357
\TeXr@lab=\toks28
)
(C:\Users\erick\AppData\Local\Programs\MiKTeX\tex/latex/multirow\multirow.sty
Package: multirow 2024/11/12 v2.9 Span multiple rows of a table
\multirow@colwidth=\skip72
\multirow@cntb=\count358
\multirow@dima=\skip73
\bigstrutjot=\dimen305
)
(C:\Users\erick\AppData\Local\Programs\MiKTeX\tex/latex/amsfonts\amssymb.sty
Package: amssymb 2013/01/14 v3.01 AMS font symbols

(C:\Users\erick\AppData\Local\Programs\MiKTeX\tex/latex/amsfonts\amsfonts.sty
Package: amsfonts 2013/01/14 v3.01 Basic AMSFonts support
\symAMSa=\mathgroup4
\symAMSb=\mathgroup5
LaTeX Font Info:    Redeclaring math symbol \hbar on input line 98.
LaTeX Font Info:    Overwriting math alphabet `\mathfrak' in version `bold'
(Font)                  U/euf/m/n --> U/euf/b/n on input line 106.
)) (C:\Users\erick\AppData\Local\Programs\MiKTeX\tex/latex/xfrac\xfrac.sty
Package: xfrac 2024-06-04 Split-level fractions
\l__xfrac_slash_box=\box85
\l__xfrac_tmp_box=\box86
\l__xfrac_denominator_bot_sep_dim=\dimen306
\l__xfrac_numerator_bot_sep_dim=\dimen307
\l__xfrac_numerator_top_sep_dim=\dimen308
\l__xfrac_slash_left_sep_dim=\dimen309
\l__xfrac_slash_right_sep_dim=\dimen310
\l__xfrac_slash_left_muskip=\muskip19
\l__xfrac_slash_right_muskip=\muskip20

LaTeX template Info: Declaring template type 'xfrac' taking 3 argument(s) on
(template)           line 100.


LaTeX template Info: Declaring instance 'cmr' of type xfrac on line 392.


LaTeX template Info: Declaring instance 'cmss' of type xfrac on line 392.


LaTeX template Info: Declaring instance 'cmtt' of type xfrac on line 392.

)
(C:\Users\erick\AppData\Local\Programs\MiKTeX\tex/latex/pgf/frontendlayer\tikz.
sty
(C:\Users\erick\AppData\Local\Programs\MiKTeX\tex/latex/pgf/basiclayer\pgf.sty
(C:\Users\erick\AppData\Local\Programs\MiKTeX\tex/latex/pgf/utilities\pgfrcs.st
y
(C:\Users\erick\AppData\Local\Programs\MiKTeX\tex/generic/pgf/utilities\pgfutil
-common.tex
\pgfutil@everybye=\toks29
\pgfutil@tempdima=\dimen311
\pgfutil@tempdimb=\dimen312
)
(C:\Users\erick\AppData\Local\Programs\MiKTeX\tex/generic/pgf/utilities\pgfutil
-latex.def
\pgfutil@abb=\box87
)
(C:\Users\erick\AppData\Local\Programs\MiKTeX\tex/generic/pgf/utilities\pgfrcs.
code.tex
(C:\Users\erick\AppData\Local\Programs\MiKTeX\tex/generic/pgf\pgf.revision.tex)
Package: pgfrcs 2025-08-29 v3.1.11a (3.1.11a)
))
Package: pgf 2025-08-29 v3.1.11a (3.1.11a)

(C:\Users\erick\AppData\Local\Programs\MiKTeX\tex/latex/pgf/basiclayer\pgfcore.
sty
(C:\Users\erick\AppData\Local\Programs\MiKTeX\tex/latex/pgf/systemlayer\pgfsys.
sty
(C:\Users\erick\AppData\Local\Programs\MiKTeX\tex/generic/pgf/systemlayer\pgfsy
s.code.tex
Package: pgfsys 2025-08-29 v3.1.11a (3.1.11a)

(C:\Users\erick\AppData\Local\Programs\MiKTeX\tex/generic/pgf/utilities\pgfkeys
.code.tex
\pgfkeys@pathtoks=\toks30
\pgfkeys@temptoks=\toks31

(C:\Users\erick\AppData\Local\Programs\MiKTeX\tex/generic/pgf/utilities\pgfkeys
libraryfiltered.code.tex
\pgfkeys@tmptoks=\toks32
))
\pgf@x=\dimen313
\pgf@y=\dimen314
\pgf@xa=\dimen315
\pgf@ya=\dimen316
\pgf@xb=\dimen317
\pgf@yb=\dimen318
\pgf@xc=\dimen319
\pgf@yc=\dimen320
\pgf@xd=\dimen321
\pgf@yd=\dimen322
\w@pgf@writea=\write3
\r@pgf@reada=\read3
\c@pgf@counta=\count359
\c@pgf@countb=\count360
\c@pgf@countc=\count361
\c@pgf@countd=\count362
\t@pgf@toka=\toks33
\t@pgf@tokb=\toks34
\t@pgf@tokc=\toks35
\pgf@sys@id@count=\count363

(C:\Users\erick\AppData\Local\Programs\MiKTeX\tex/generic/pgf/systemlayer\pgf.c
fg
File: pgf.cfg 2025-08-29 v3.1.11a (3.1.11a)
)
Driver file for pgf: pgfsys-pdftex.def

(C:\Users\erick\AppData\Local\Programs\MiKTeX\tex/generic/pgf/systemlayer\pgfsy
s-pdftex.def
File: pgfsys-pdftex.def 2025-08-29 v3.1.11a (3.1.11a)

(C:\Users\erick\AppData\Local\Programs\MiKTeX\tex/generic/pgf/systemlayer\pgfsy
s-common-pdf.def
File: pgfsys-common-pdf.def 2025-08-29 v3.1.11a (3.1.11a)
)))
(C:\Users\erick\AppData\Local\Programs\MiKTeX\tex/generic/pgf/systemlayer\pgfsy
ssoftpath.code.tex
File: pgfsyssoftpath.code.tex 2025-08-29 v3.1.11a (3.1.11a)
\pgfsyssoftpath@smallbuffer@items=\count364
\pgfsyssoftpath@bigbuffer@items=\count365
)
(C:\Users\erick\AppData\Local\Programs\MiKTeX\tex/generic/pgf/systemlayer\pgfsy
sprotocol.code.tex
File: pgfsysprotocol.code.tex 2025-08-29 v3.1.11a (3.1.11a)
))
(C:\Users\erick\AppData\Local\Programs\MiKTeX\tex/generic/pgf/basiclayer\pgfcor
e.code.tex
Package: pgfcore 2025-08-29 v3.1.11a (3.1.11a)

(C:\Users\erick\AppData\Local\Programs\MiKTeX\tex/generic/pgf/math\pgfmath.code
.tex
(C:\Users\erick\AppData\Local\Programs\MiKTeX\tex/generic/pgf/math\pgfmathutil.
code.tex)
(C:\Users\erick\AppData\Local\Programs\MiKTeX\tex/generic/pgf/math\pgfmathparse
r.code.tex
\pgfmath@dimen=\dimen323
\pgfmath@count=\count366
\pgfmath@box=\box88
\pgfmath@toks=\toks36
\pgfmath@stack@operand=\toks37
\pgfmath@stack@operation=\toks38
)
(C:\Users\erick\AppData\Local\Programs\MiKTeX\tex/generic/pgf/math\pgfmathfunct
ions.code.tex)
(C:\Users\erick\AppData\Local\Programs\MiKTeX\tex/generic/pgf/math\pgfmathfunct
ions.basic.code.tex)
(C:\Users\erick\AppData\Local\Programs\MiKTeX\tex/generic/pgf/math\pgfmathfunct
ions.trigonometric.code.tex)
(C:\Users\erick\AppData\Local\Programs\MiKTeX\tex/generic/pgf/math\pgfmathfunct
ions.random.code.tex)
(C:\Users\erick\AppData\Local\Programs\MiKTeX\tex/generic/pgf/math\pgfmathfunct
ions.comparison.code.tex)
(C:\Users\erick\AppData\Local\Programs\MiKTeX\tex/generic/pgf/math\pgfmathfunct
ions.base.code.tex)
(C:\Users\erick\AppData\Local\Programs\MiKTeX\tex/generic/pgf/math\pgfmathfunct
ions.round.code.tex)
(C:\Users\erick\AppData\Local\Programs\MiKTeX\tex/generic/pgf/math\pgfmathfunct
ions.misc.code.tex)
(C:\Users\erick\AppData\Local\Programs\MiKTeX\tex/generic/pgf/math\pgfmathfunct
ions.integerarithmetics.code.tex)
(C:\Users\erick\AppData\Local\Programs\MiKTeX\tex/generic/pgf/math\pgfmathcalc.
code.tex)
(C:\Users\erick\AppData\Local\Programs\MiKTeX\tex/generic/pgf/math\pgfmathfloat
.code.tex
\c@pgfmathroundto@lastzeros=\count367
))
(C:\Users\erick\AppData\Local\Programs\MiKTeX\tex/generic/pgf/math\pgfint.code.
tex)
(C:\Users\erick\AppData\Local\Programs\MiKTeX\tex/generic/pgf/basiclayer\pgfcor
epoints.code.tex
File: pgfcorepoints.code.tex 2025-08-29 v3.1.11a (3.1.11a)
\pgf@picminx=\dimen324
\pgf@picmaxx=\dimen325
\pgf@picminy=\dimen326
\pgf@picmaxy=\dimen327
\pgf@pathminx=\dimen328
\pgf@pathmaxx=\dimen329
\pgf@pathminy=\dimen330
\pgf@pathmaxy=\dimen331
\pgf@xx=\dimen332
\pgf@xy=\dimen333
\pgf@yx=\dimen334
\pgf@yy=\dimen335
\pgf@zx=\dimen336
\pgf@zy=\dimen337
)
(C:\Users\erick\AppData\Local\Programs\MiKTeX\tex/generic/pgf/basiclayer\pgfcor
epathconstruct.code.tex
File: pgfcorepathconstruct.code.tex 2025-08-29 v3.1.11a (3.1.11a)
\pgf@path@lastx=\dimen338
\pgf@path@lasty=\dimen339
)
(C:\Users\erick\AppData\Local\Programs\MiKTeX\tex/generic/pgf/basiclayer\pgfcor
epathusage.code.tex
File: pgfcorepathusage.code.tex 2025-08-29 v3.1.11a (3.1.11a)
\pgf@shorten@end@additional=\dimen340
\pgf@shorten@start@additional=\dimen341
)
(C:\Users\erick\AppData\Local\Programs\MiKTeX\tex/generic/pgf/basiclayer\pgfcor
escopes.code.tex
File: pgfcorescopes.code.tex 2025-08-29 v3.1.11a (3.1.11a)
\pgfpic=\box89
\pgf@hbox=\box90
\pgf@layerbox@main=\box91
\pgf@picture@serial@count=\count368
)
(C:\Users\erick\AppData\Local\Programs\MiKTeX\tex/generic/pgf/basiclayer\pgfcor
egraphicstate.code.tex
File: pgfcoregraphicstate.code.tex 2025-08-29 v3.1.11a (3.1.11a)
\pgflinewidth=\dimen342
)
(C:\Users\erick\AppData\Local\Programs\MiKTeX\tex/generic/pgf/basiclayer\pgfcor
etransformations.code.tex
File: pgfcoretransformations.code.tex 2025-08-29 v3.1.11a (3.1.11a)
\pgf@pt@x=\dimen343
\pgf@pt@y=\dimen344
\pgf@pt@temp=\dimen345
)
(C:\Users\erick\AppData\Local\Programs\MiKTeX\tex/generic/pgf/basiclayer\pgfcor
equick.code.tex
File: pgfcorequick.code.tex 2025-08-29 v3.1.11a (3.1.11a)
)
(C:\Users\erick\AppData\Local\Programs\MiKTeX\tex/generic/pgf/basiclayer\pgfcor
eobjects.code.tex
File: pgfcoreobjects.code.tex 2025-08-29 v3.1.11a (3.1.11a)
)
(C:\Users\erick\AppData\Local\Programs\MiKTeX\tex/generic/pgf/basiclayer\pgfcor
epathprocessing.code.tex
File: pgfcorepathprocessing.code.tex 2025-08-29 v3.1.11a (3.1.11a)
)
(C:\Users\erick\AppData\Local\Programs\MiKTeX\tex/generic/pgf/basiclayer\pgfcor
earrows.code.tex
File: pgfcorearrows.code.tex 2025-08-29 v3.1.11a (3.1.11a)
\pgfarrowsep=\dimen346
)
(C:\Users\erick\AppData\Local\Programs\MiKTeX\tex/generic/pgf/basiclayer\pgfcor
eshade.code.tex
File: pgfcoreshade.code.tex 2025-08-29 v3.1.11a (3.1.11a)
\pgf@max=\dimen347
\pgf@sys@shading@range@num=\count369
\pgf@shadingcount=\count370
)
(C:\Users\erick\AppData\Local\Programs\MiKTeX\tex/generic/pgf/basiclayer\pgfcor
eimage.code.tex
File: pgfcoreimage.code.tex 2025-08-29 v3.1.11a (3.1.11a)
)
(C:\Users\erick\AppData\Local\Programs\MiKTeX\tex/generic/pgf/basiclayer\pgfcor
eexternal.code.tex
File: pgfcoreexternal.code.tex 2025-08-29 v3.1.11a (3.1.11a)
\pgfexternal@startupbox=\box92
)
(C:\Users\erick\AppData\Local\Programs\MiKTeX\tex/generic/pgf/basiclayer\pgfcor
elayers.code.tex
File: pgfcorelayers.code.tex 2025-08-29 v3.1.11a (3.1.11a)
)
(C:\Users\erick\AppData\Local\Programs\MiKTeX\tex/generic/pgf/basiclayer\pgfcor
etransparency.code.tex
File: pgfcoretransparency.code.tex 2025-08-29 v3.1.11a (3.1.11a)
)
(C:\Users\erick\AppData\Local\Programs\MiKTeX\tex/generic/pgf/basiclayer\pgfcor
epatterns.code.tex
File: pgfcorepatterns.code.tex 2025-08-29 v3.1.11a (3.1.11a)
)
(C:\Users\erick\AppData\Local\Programs\MiKTeX\tex/generic/pgf/basiclayer\pgfcor
erdf.code.tex
File: pgfcorerdf.code.tex 2025-08-29 v3.1.11a (3.1.11a)
)))
(C:\Users\erick\AppData\Local\Programs\MiKTeX\tex/generic/pgf/modules\pgfmodule
shapes.code.tex
File: pgfmoduleshapes.code.tex 2025-08-29 v3.1.11a (3.1.11a)
\pgfnodeparttextbox=\box93
)
(C:\Users\erick\AppData\Local\Programs\MiKTeX\tex/generic/pgf/modules\pgfmodule
plot.code.tex
File: pgfmoduleplot.code.tex 2025-08-29 v3.1.11a (3.1.11a)
)
(C:\Users\erick\AppData\Local\Programs\MiKTeX\tex/latex/pgf/compatibility\pgfco
mp-version-0-65.sty
Package: pgfcomp-version-0-65 2025-08-29 v3.1.11a (3.1.11a)
\pgf@nodesepstart=\dimen348
\pgf@nodesepend=\dimen349
)
(C:\Users\erick\AppData\Local\Programs\MiKTeX\tex/latex/pgf/compatibility\pgfco
mp-version-1-18.sty
Package: pgfcomp-version-1-18 2025-08-29 v3.1.11a (3.1.11a)
))
(C:\Users\erick\AppData\Local\Programs\MiKTeX\tex/latex/pgf/utilities\pgffor.st
y
(C:\Users\erick\AppData\Local\Programs\MiKTeX\tex/latex/pgf/utilities\pgfkeys.s
ty
(C:\Users\erick\AppData\Local\Programs\MiKTeX\tex/generic/pgf/utilities\pgfkeys
.code.tex))
(C:\Users\erick\AppData\Local\Programs\MiKTeX\tex/latex/pgf/math\pgfmath.sty
(C:\Users\erick\AppData\Local\Programs\MiKTeX\tex/generic/pgf/math\pgfmath.code
.tex))
(C:\Users\erick\AppData\Local\Programs\MiKTeX\tex/generic/pgf/utilities\pgffor.
code.tex
Package: pgffor 2025-08-29 v3.1.11a (3.1.11a)
\pgffor@iter=\dimen350
\pgffor@skip=\dimen351
\pgffor@stack=\toks39
\pgffor@toks=\toks40
))
(C:\Users\erick\AppData\Local\Programs\MiKTeX\tex/generic/pgf/frontendlayer/tik
z\tikz.code.tex
Package: tikz 2025-08-29 v3.1.11a (3.1.11a)

(C:\Users\erick\AppData\Local\Programs\MiKTeX\tex/generic/pgf/libraries\pgflibr
aryplothandlers.code.tex
File: pgflibraryplothandlers.code.tex 2025-08-29 v3.1.11a (3.1.11a)
\pgf@plot@mark@count=\count371
\pgfplotmarksize=\dimen352
)
\tikz@lastx=\dimen353
\tikz@lasty=\dimen354
\tikz@lastxsaved=\dimen355
\tikz@lastysaved=\dimen356
\tikz@lastmovetox=\dimen357
\tikz@lastmovetoy=\dimen358
\tikzleveldistance=\dimen359
\tikzsiblingdistance=\dimen360
\tikz@figbox=\box94
\tikz@figbox@bg=\box95
\tikz@tempbox=\box96
\tikz@tempbox@bg=\box97
\tikztreelevel=\count372
\tikznumberofchildren=\count373
\tikznumberofcurrentchild=\count374
\tikz@fig@count=\count375

(C:\Users\erick\AppData\Local\Programs\MiKTeX\tex/generic/pgf/modules\pgfmodule
matrix.code.tex
File: pgfmodulematrix.code.tex 2025-08-29 v3.1.11a (3.1.11a)
\pgfmatrixcurrentrow=\count376
\pgfmatrixcurrentcolumn=\count377
\pgf@matrix@numberofcolumns=\count378
)
\tikz@expandcount=\count379

(C:\Users\erick\AppData\Local\Programs\MiKTeX\tex/generic/pgf/frontendlayer/tik
z/libraries\tikzlibrarytopaths.code.tex
File: tikzlibrarytopaths.code.tex 2025-08-29 v3.1.11a (3.1.11a)
)))
(C:\Users\erick\AppData\Local\Programs\MiKTeX\tex/generic/pgf/libraries\pgflibr
aryarrows.meta.code.tex
File: pgflibraryarrows.meta.code.tex 2025-08-29 v3.1.11a (3.1.11a)
\pgfarrowinset=\dimen361
\pgfarrowlength=\dimen362
\pgfarrowwidth=\dimen363
\pgfarrowlinewidth=\dimen364
)
(C:\Users\erick\AppData\Local\Programs\MiKTeX\tex/generic/pgf/frontendlayer/tik
z/libraries\tikzlibrarypositioning.code.tex
File: tikzlibrarypositioning.code.tex 2025-08-29 v3.1.11a (3.1.11a)
)
(C:\Users\erick\AppData\Local\Programs\MiKTeX\tex/generic/pgf/frontendlayer/tik
z/libraries\tikzlibrarycalc.code.tex
File: tikzlibrarycalc.code.tex 2025-08-29 v3.1.11a (3.1.11a)
)
(C:\Users\erick\AppData\Local\Programs\MiKTeX\tex/latex/listings\listings.sty
\lst@mode=\count380
\lst@gtempboxa=\box98
\lst@token=\toks41
\lst@length=\count381
\lst@currlwidth=\dimen365
\lst@column=\count382
\lst@pos=\count383
\lst@lostspace=\dimen366
\lst@width=\dimen367
\lst@newlines=\count384
\lst@lineno=\count385
\lst@maxwidth=\dimen368

(C:\Users\erick\AppData\Local\Programs\MiKTeX\tex/latex/listings\lstpatch.sty
File: lstpatch.sty 2025/11/14 1.11b (Carsten Heinz)
)
(C:\Users\erick\AppData\Local\Programs\MiKTeX\tex/latex/listings\lstmisc.sty
File: lstmisc.sty 2025/11/14 1.11b (Carsten Heinz)
\c@lstnumber=\count386
\lst@skipnumbers=\count387
\lst@framebox=\box99
)
(C:\Users\erick\AppData\Local\Programs\MiKTeX\tex/latex/listings\listings.cfg
File: listings.cfg 2025/11/14 1.11b listings configuration
))
Package: listings 2025/11/14 1.11b (Carsten Heinz)
==> First Aid for listings.sty no longer applied!
    Expected:
        2024/09/23 1.10c (Carsten Heinz)
    but found:
        2025/11/14 1.11b (Carsten Heinz)
    so I'm assuming it got fixed.
(plantilla_proyecto.aux
LaTeX Info: Redefining \. on input line 11.
LaTeX Info: Redefining \% on input line 11.
Package babel Info: 'spanish' activates 'spanish' shorthands.
(babel)             Reported on input line 11.
)
\openout1 = `plantilla_proyecto.aux'.

LaTeX Font Info:    Checking defaults for OML/cmm/m/it on input line 148.
LaTeX Font Info:    ... okay on input line 148.
LaTeX Font Info:    Checking defaults for OMS/cmsy/m/n on input line 148.
LaTeX Font Info:    ... okay on input line 148.
LaTeX Font Info:    Checking defaults for OT1/cmr/m/n on input line 148.
LaTeX Font Info:    ... okay on input line 148.
LaTeX Font Info:    Checking defaults for T1/cmr/m/n on input line 148.
LaTeX Font Info:    ... okay on input line 148.
LaTeX Font Info:    Checking defaults for TS1/cmr/m/n on input line 148.
LaTeX Font Info:    ... okay on input line 148.
LaTeX Font Info:    Checking defaults for OMX/cmex/m/n on input line 148.
LaTeX Font Info:    ... okay on input line 148.
LaTeX Font Info:    Checking defaults for U/cmr/m/n on input line 148.
LaTeX Font Info:    ... okay on input line 148.
LaTeX Font Info:    Checking defaults for PD1/pdf/m/n on input line 148.
LaTeX Font Info:    ... okay on input line 148.
LaTeX Font Info:    Checking defaults for PU/pdf/m/n on input line 148.
LaTeX Font Info:    ... okay on input line 148.
LaTeX Info: Redefining \. on input line 148.
LaTeX Info: Redefining \% on input line 148.

*geometry* driver: auto-detecting
*geometry* detected driver: pdftex
*geometry* verbose mode - [ preamble ] result:
* driver: pdftex
* paper: letterpaper
* layout: <same size as paper>
* layoutoffset:(h,v)=(0.0pt,0.0pt)
* modes: 
* h-part:(L,W,R)=(56.9055pt, 500.484pt, 56.9055pt)
* v-part:(T,H,B)=(56.9055pt, 624.25346pt, 113.81102pt)
* \paperwidth=614.295pt
* \paperheight=794.96999pt
* \textwidth=500.484pt
* \textheight=624.25346pt
* \oddsidemargin=-15.36449pt
* \evensidemargin=-15.36449pt
* \topmargin=-52.36449pt
* \headheight=70.0pt
* \headsep=25.0pt
* \topskip=10.0pt
* \footskip=30.0pt
* \marginparwidth=49.79231pt
* \marginparsep=11.0pt
* \columnsep=10.0pt
* \skip\footins=9.0pt plus 4.0pt minus 2.0pt
* \hoffset=0.0pt
* \voffset=0.0pt
* \mag=1000
* \@twocolumnfalse
* \@twosidefalse
* \@mparswitchfalse
* \@reversemarginfalse
* (1in=72.27pt=25.4mm, 1cm=28.453pt)


(C:\Users\erick\AppData\Local\Programs\MiKTeX\tex/context/base/mkii\supp-pdf.mk
ii
[Loading MPS to PDF converter (version 2006.09.02).]
\scratchcounter=\count388
\scratchdimen=\dimen369
\scratchbox=\box100
\nofMPsegments=\count389
\nofMParguments=\count390
\everyMPshowfont=\toks42
\MPscratchCnt=\count391
\MPscratchDim=\dimen370
\MPnumerator=\count392
\makeMPintoPDFobject=\count393
\everyMPtoPDFconversion=\toks43
)
(C:\Users\erick\AppData\Local\Programs\MiKTeX\tex/latex/epstopdf-pkg\epstopdf-b
ase.sty
Package: epstopdf-base 2020-01-24 v2.11 Base part for package epstopdf
Package epstopdf-base Info: Redefining graphics rule for `.eps' on input line 4
85.

(C:\Users\erick\AppData\Local\Programs\MiKTeX\tex/latex/00miktex\epstopdf-sys.c
fg
File: epstopdf-sys.cfg 2021/03/18 v2.0 Configuration of epstopdf for MiKTeX
))
Package hyperref Info: Link coloring ON on input line 148.
 (plantilla_proyecto.out) (plantilla_proyecto.out)
\@outlinefile=\write4
\openout4 = `plantilla_proyecto.out'.

\c@lstlisting=\count394
LaTeX Font Info:    Trying to load font information for U+msa on input line 174
.

(C:\Users\erick\AppData\Local\Programs\MiKTeX\tex/latex/amsfonts\umsa.fd
File: umsa.fd 2013/01/14 v3.01 AMS symbols A
)
LaTeX Font Info:    Trying to load font information for U+msb on input line 174
.

(C:\Users\erick\AppData\Local\Programs\MiKTeX\tex/latex/amsfonts\umsb.fd
File: umsb.fd 2013/01/14 v3.01 AMS symbols B
)
<imagenes/uta.png, id=146, 45.6615pt x 45.6615pt>
File: imagenes/uta.png Graphic file (type png)
<use imagenes/uta.png>
Package pdftex.def Info: imagenes/uta.png  used on input line 187.
(pdftex.def)             Requested size: 56.9055pt x 56.9067pt.
<imagenes/fisei.png, id=148, 45.16875pt x 45.16875pt>
File: imagenes/fisei.png Graphic file (type png)
<use imagenes/fisei.png>
Package pdftex.def Info: imagenes/fisei.png  used on input line 187.
(pdftex.def)             Requested size: 56.9055pt x 56.906pt.

[1{C:/Users/erick/AppData/Local/MiKTeX/fonts/map/pdftex/pdftex.map}

 <./imagenes/uta.png> <./imagenes/fisei.png>] (plantilla_proyecto.toc
LaTeX Info: Redefining \. on input line 1.
LaTeX Info: Redefining \% on input line 1.
)
\tf@toc=\write5
\openout5 = `plantilla_proyecto.toc'.

File: imagenes/uta.png Graphic file (type png)
<use imagenes/uta.png>
Package pdftex.def Info: imagenes/uta.png  used on input line 193.
(pdftex.def)             Requested size: 56.9055pt x 56.9067pt.
File: imagenes/fisei.png Graphic file (type png)
<use imagenes/fisei.png>
Package pdftex.def Info: imagenes/fisei.png  used on input line 193.
(pdftex.def)             Requested size: 56.9055pt x 56.906pt.
 [2]
File: imagenes/uta.png Graphic file (type png)
<use imagenes/uta.png>
Package pdftex.def Info: imagenes/uta.png  used on input line 236.
(pdftex.def)             Requested size: 56.9055pt x 56.9067pt.
File: imagenes/fisei.png Graphic file (type png)
<use imagenes/fisei.png>
Package pdftex.def Info: imagenes/fisei.png  used on input line 236.
(pdftex.def)             Requested size: 56.9055pt x 56.906pt.
 [3]
File: imagenes/uta.png Graphic file (type png)
<use imagenes/uta.png>
Package pdftex.def Info: imagenes/uta.png  used on input line 277.
(pdftex.def)             Requested size: 56.9055pt x 56.9067pt.
File: imagenes/fisei.png Graphic file (type png)
<use imagenes/fisei.png>
Package pdftex.def Info: imagenes/fisei.png  used on input line 277.
(pdftex.def)             Requested size: 56.9055pt x 56.906pt.
 [4]
File: imagenes/uta.png Graphic file (type png)
<use imagenes/uta.png>
Package pdftex.def Info: imagenes/uta.png  used on input line 326.
(pdftex.def)             Requested size: 56.9055pt x 56.9067pt.
File: imagenes/fisei.png Graphic file (type png)
<use imagenes/fisei.png>
Package pdftex.def Info: imagenes/fisei.png  used on input line 326.
(pdftex.def)             Requested size: 56.9055pt x 56.906pt.
 [5]

Package hyperref Warning: Token not allowed in a PDF string (Unicode):
(hyperref)                removing `math shift' on input line 386.


Package hyperref Warning: Token not allowed in a PDF string (Unicode):
(hyperref)                removing `\theta' on input line 386.


Package hyperref Warning: Token not allowed in a PDF string (Unicode):
(hyperref)                removing `math shift' on input line 386.

File: imagenes/uta.png Graphic file (type png)
<use imagenes/uta.png>
Package pdftex.def Info: imagenes/uta.png  used on input line 389.
(pdftex.def)             Requested size: 56.9055pt x 56.9067pt.
File: imagenes/fisei.png Graphic file (type png)
<use imagenes/fisei.png>
Package pdftex.def Info: imagenes/fisei.png  used on input line 389.
(pdftex.def)             Requested size: 56.9055pt x 56.906pt.
[6]
File: imagenes/uta.png Graphic file (type png)
<use imagenes/uta.png>
Package pdftex.def Info: imagenes/uta.png  used on input line 439.
(pdftex.def)             Requested size: 56.9055pt x 56.9067pt.
File: imagenes/fisei.png Graphic file (type png)
<use imagenes/fisei.png>
Package pdftex.def Info: imagenes/fisei.png  used on input line 439.
(pdftex.def)             Requested size: 56.9055pt x 56.906pt.
 [7]
File: imagenes/uta.png Graphic file (type png)
<use imagenes/uta.png>
Package pdftex.def Info: imagenes/uta.png  used on input line 471.
(pdftex.def)             Requested size: 56.9055pt x 56.9067pt.
File: imagenes/fisei.png Graphic file (type png)
<use imagenes/fisei.png>
Package pdftex.def Info: imagenes/fisei.png  used on input line 471.
(pdftex.def)             Requested size: 56.9055pt x 56.906pt.
 [8]
File: imagenes/uta.png Graphic file (type png)
<use imagenes/uta.png>
Package pdftex.def Info: imagenes/uta.png  used on input line 536.
(pdftex.def)             Requested size: 56.9055pt x 56.9067pt.
File: imagenes/fisei.png Graphic file (type png)
<use imagenes/fisei.png>
Package pdftex.def Info: imagenes/fisei.png  used on input line 536.
(pdftex.def)             Requested size: 56.9055pt x 56.906pt.
 [9]
File: imagenes/uta.png Graphic file (type png)
<use imagenes/uta.png>
Package pdftex.def Info: imagenes/uta.png  used on input line 627.
(pdftex.def)             Requested size: 56.9055pt x 56.9067pt.
File: imagenes/fisei.png Graphic file (type png)
<use imagenes/fisei.png>
Package pdftex.def Info: imagenes/fisei.png  used on input line 627.
(pdftex.def)             Requested size: 56.9055pt x 56.906pt.
 [10]
Package hyperref Info: bookmark level for unknown lstlisting defaults to 0 on i
nput line 628.
LaTeX Font Info:    Font shape `OT1/cmtt/bx/n' in size <9> not available
(Font)              Font shape `OT1/cmtt/m/n' tried instead on input line 629.
File: imagenes/uta.png Graphic file (type png)
<use imagenes/uta.png>
Package pdftex.def Info: imagenes/uta.png  used on input line 661.
(pdftex.def)             Requested size: 56.9055pt x 56.9067pt.
File: imagenes/fisei.png Graphic file (type png)
<use imagenes/fisei.png>
Package pdftex.def Info: imagenes/fisei.png  used on input line 661.
(pdftex.def)             Requested size: 56.9055pt x 56.906pt.
 [11]
File: imagenes/uta.png Graphic file (type png)
<use imagenes/uta.png>
Package pdftex.def Info: imagenes/uta.png  used on input line 781.
(pdftex.def)             Requested size: 56.9055pt x 56.9067pt.
File: imagenes/fisei.png Graphic file (type png)
<use imagenes/fisei.png>
Package pdftex.def Info: imagenes/fisei.png  used on input line 781.
(pdftex.def)             Requested size: 56.9055pt x 56.906pt.
 [12]
File: imagenes/uta.png Graphic file (type png)
<use imagenes/uta.png>
Package pdftex.def Info: imagenes/uta.png  used on input line 805.
(pdftex.def)             Requested size: 56.9055pt x 56.9067pt.
File: imagenes/fisei.png Graphic file (type png)
<use imagenes/fisei.png>
Package pdftex.def Info: imagenes/fisei.png  used on input line 805.
(pdftex.def)             Requested size: 56.9055pt x 56.906pt.
 [13]
File: imagenes/uta.png Graphic file (type png)
<use imagenes/uta.png>
Package pdftex.def Info: imagenes/uta.png  used on input line 907.
(pdftex.def)             Requested size: 56.9055pt x 56.9067pt.
File: imagenes/fisei.png Graphic file (type png)
<use imagenes/fisei.png>
Package pdftex.def Info: imagenes/fisei.png  used on input line 907.
(pdftex.def)             Requested size: 56.9055pt x 56.906pt.
 [14]
File: imagenes/uta.png Graphic file (type png)
<use imagenes/uta.png>
Package pdftex.def Info: imagenes/uta.png  used on input line 937.
(pdftex.def)             Requested size: 56.9055pt x 56.9067pt.
File: imagenes/fisei.png Graphic file (type png)
<use imagenes/fisei.png>
Package pdftex.def Info: imagenes/fisei.png  used on input line 937.
(pdftex.def)             Requested size: 56.9055pt x 56.906pt.
 [15]
File: imagenes/uta.png Graphic file (type png)
<use imagenes/uta.png>
Package pdftex.def Info: imagenes/uta.png  used on input line 993.
(pdftex.def)             Requested size: 56.9055pt x 56.9067pt.
File: imagenes/fisei.png Graphic file (type png)
<use imagenes/fisei.png>
Package pdftex.def Info: imagenes/fisei.png  used on input line 993.
(pdftex.def)             Requested size: 56.9055pt x 56.906pt.
 [16]
File: imagenes/uta.png Graphic file (type png)
<use imagenes/uta.png>
Package pdftex.def Info: imagenes/uta.png  used on input line 1051.
(pdftex.def)             Requested size: 56.9055pt x 56.9067pt.
File: imagenes/fisei.png Graphic file (type png)
<use imagenes/fisei.png>
Package pdftex.def Info: imagenes/fisei.png  used on input line 1051.
(pdftex.def)             Requested size: 56.9055pt x 56.906pt.
 [17]
File: imagenes/uta.png Graphic file (type png)
<use imagenes/uta.png>
Package pdftex.def Info: imagenes/uta.png  used on input line 1114.
(pdftex.def)             Requested size: 56.9055pt x 56.9067pt.
File: imagenes/fisei.png Graphic file (type png)
<use imagenes/fisei.png>
Package pdftex.def Info: imagenes/fisei.png  used on input line 1114.
(pdftex.def)             Requested size: 56.9055pt x 56.906pt.
 [18]
File: imagenes/uta.png Graphic file (type png)
<use imagenes/uta.png>
Package pdftex.def Info: imagenes/uta.png  used on input line 1183.
(pdftex.def)             Requested size: 56.9055pt x 56.9067pt.
File: imagenes/fisei.png Graphic file (type png)
<use imagenes/fisei.png>
Package pdftex.def Info: imagenes/fisei.png  used on input line 1183.
(pdftex.def)             Requested size: 56.9055pt x 56.906pt.
 [19]
File: imagenes/uta.png Graphic file (type png)
<use imagenes/uta.png>
Package pdftex.def Info: imagenes/uta.png  used on input line 1239.
(pdftex.def)             Requested size: 56.9055pt x 56.9067pt.
File: imagenes/fisei.png Graphic file (type png)
<use imagenes/fisei.png>
Package pdftex.def Info: imagenes/fisei.png  used on input line 1239.
(pdftex.def)             Requested size: 56.9055pt x 56.906pt.
 [20]
File: imagenes/uta.png Graphic file (type png)
<use imagenes/uta.png>
Package pdftex.def Info: imagenes/uta.png  used on input line 1296.
(pdftex.def)             Requested size: 56.9055pt x 56.9067pt.
File: imagenes/fisei.png Graphic file (type png)
<use imagenes/fisei.png>
Package pdftex.def Info: imagenes/fisei.png  used on input line 1296.
(pdftex.def)             Requested size: 56.9055pt x 56.906pt.
 [21]
File: imagenes/uta.png Graphic file (type png)
<use imagenes/uta.png>
Package pdftex.def Info: imagenes/uta.png  used on input line 1351.
(pdftex.def)             Requested size: 56.9055pt x 56.9067pt.
File: imagenes/fisei.png Graphic file (type png)
<use imagenes/fisei.png>
Package pdftex.def Info: imagenes/fisei.png  used on input line 1351.
(pdftex.def)             Requested size: 56.9055pt x 56.906pt.

[22]
File: imagenes/uta.png Graphic file (type png)
<use imagenes/uta.png>
Package pdftex.def Info: imagenes/uta.png  used on input line 1407.
(pdftex.def)             Requested size: 56.9055pt x 56.9067pt.
File: imagenes/fisei.png Graphic file (type png)
<use imagenes/fisei.png>
Package pdftex.def Info: imagenes/fisei.png  used on input line 1407.
(pdftex.def)             Requested size: 56.9055pt x 56.906pt.
 [23]
File: imagenes/uta.png Graphic file (type png)
<use imagenes/uta.png>
Package pdftex.def Info: imagenes/uta.png  used on input line 1463.
(pdftex.def)             Requested size: 56.9055pt x 56.9067pt.
File: imagenes/fisei.png Graphic file (type png)
<use imagenes/fisei.png>
Package pdftex.def Info: imagenes/fisei.png  used on input line 1463.
(pdftex.def)             Requested size: 56.9055pt x 56.906pt.
 [24]
File: imagenes/uta.png Graphic file (type png)
<use imagenes/uta.png>
Package pdftex.def Info: imagenes/uta.png  used on input line 1518.
(pdftex.def)             Requested size: 56.9055pt x 56.9067pt.
File: imagenes/fisei.png Graphic file (type png)
<use imagenes/fisei.png>
Package pdftex.def Info: imagenes/fisei.png  used on input line 1518.
(pdftex.def)             Requested size: 56.9055pt x 56.906pt.
 [25]
File: imagenes/uta.png Graphic file (type png)
<use imagenes/uta.png>
Package pdftex.def Info: imagenes/uta.png  used on input line 1542.
(pdftex.def)             Requested size: 56.9055pt x 56.9067pt.
File: imagenes/fisei.png Graphic file (type png)
<use imagenes/fisei.png>
Package pdftex.def Info: imagenes/fisei.png  used on input line 1542.
(pdftex.def)             Requested size: 56.9055pt x 56.906pt.
 [26] (plantilla_proyecto.aux
LaTeX Info: Redefining \. on input line 11.
LaTeX Info: Redefining \% on input line 11.
)
 ***********
LaTeX2e <2025-11-01>
L3 programming layer <2026-03-20>
 ***********


Package rerunfilecheck Warning: File `plantilla_proyecto.out' has changed.
(rerunfilecheck)                Rerun to get outlines right
(rerunfilecheck)                or use package `bookmark'.

Package rerunfilecheck Info: Checksums for `plantilla_proyecto.out':
(rerunfilecheck)             Before: BCC9166F68BDFE5AB8C02523B059E41B;6018
(rerunfilecheck)             After:  8456910320298BA169D50491EF4F32D9;9696.
 ) 
Here is how much of TeX's memory you used:
 28588 strings out of 467691
 541069 string characters out of 5414988
 1624738 words of memory out of 5000000
 56620 multiletter control sequences out of 15000+600000
 639676 words of font info for 87 fonts, out of 8000000 for 9000
 1141 hyphenation exceptions out of 8191
 88i,21n,94p,824b,2140s stack positions out of 10000i,1000n,20000p,200000b,200000s

pdfTeX warning (dest): name{subsubsection.10.1.4} has been referenced but does 
not exist, replaced by a fixed one


pdfTeX warning (dest): name{subsubsection.10.1.3} has been referenced but does 
not exist, replaced by a fixed one


pdfTeX warning (dest): name{subsubsection.10.1.2} has been referenced but does 
not exist, replaced by a fixed one


pdfTeX warning (dest): name{subsubsection.10.1.1} has been referenced but does 
not exist, replaced by a fixed one


pdfTeX warning (dest): name{subsubsection.9.3.2} has been referenced but does n
ot exist, replaced by a fixed one


pdfTeX warning (dest): name{subsubsection.9.3.1} has been referenced but does n
ot exist, replaced by a fixed one


pdfTeX warning (dest): name{subsubsection.8.3.3} has been referenced but does n
ot exist, replaced by a fixed one


pdfTeX warning (dest): name{subsubsection.8.3.2} has been referenced but does n
ot exist, replaced by a fixed one


pdfTeX warning (dest): name{subsubsection.8.3.1} has been referenced but does n
ot exist, replaced by a fixed one


pdfTeX warning (dest): name{subsection.8.3} has been referenced but does not ex
ist, replaced by a fixed one


pdfTeX warning (dest): name{subsubsection.8.2.1} has been referenced but does n
ot exist, replaced by a fixed one


pdfTeX warning (dest): name{subsection.8.2} has been referenced but does not ex
ist, replaced by a fixed one

 <C:\Users\erick\AppData\Local\MiKTeX\fonts/pk/ljfour/jknappen/ec/dpi600\tctt09
00.pk><C:/Users/erick/AppData/Local/Programs/MiKTeX/fonts/type1/public/amsfonts
/cm/cmbx10.pfb><C:/Users/erick/AppData/Local/Programs/MiKTeX/fonts/type1/public
/amsfonts/cm/cmbx12.pfb><C:/Users/erick/AppData/Local/Programs/MiKTeX/fonts/typ
e1/public/amsfonts/cm/cmbx7.pfb><C:/Users/erick/AppData/Local/Programs/MiKTeX/f
onts/type1/public/amsfonts/cm/cmbx9.pfb><C:/Users/erick/AppData/Local/Programs/
MiKTeX/fonts/type1/public/amsfonts/cm/cmex10.pfb><C:/Users/erick/AppData/Local/
Programs/MiKTeX/fonts/type1/public/amsfonts/cm/cmmi10.pfb><C:/Users/erick/AppDa
ta/Local/Programs/MiKTeX/fonts/type1/public/amsfonts/cm/cmmi12.pfb><C:/Users/er
ick/AppData/Local/Programs/MiKTeX/fonts/type1/public/amsfonts/cm/cmmi6.pfb><C:/
Users/erick/AppData/Local/Programs/MiKTeX/fonts/type1/public/amsfonts/cm/cmmi7.
pfb><C:/Users/erick/AppData/Local/Programs/MiKTeX/fonts/type1/public/amsfonts/c
m/cmmi9.pfb><C:/Users/erick/AppData/Local/Programs/MiKTeX/fonts/type1/public/am
sfonts/cm/cmr10.pfb><C:/Users/erick/AppData/Local/Programs/MiKTeX/fonts/type1/p
ublic/amsfonts/cm/cmr5.pfb><C:/Users/erick/AppData/Local/Programs/MiKTeX/fonts/
type1/public/amsfonts/cm/cmr6.pfb><C:/Users/erick/AppData/Local/Programs/MiKTeX
/fonts/type1/public/amsfonts/cm/cmr7.pfb><C:/Users/erick/AppData/Local/Programs
/MiKTeX/fonts/type1/public/amsfonts/cm/cmr8.pfb><C:/Users/erick/AppData/Local/P
rograms/MiKTeX/fonts/type1/public/amsfonts/cm/cmr9.pfb><C:/Users/erick/AppData/
Local/Programs/MiKTeX/fonts/type1/public/amsfonts/cm/cmsy10.pfb><C:/Users/erick
/AppData/Local/Programs/MiKTeX/fonts/type1/public/amsfonts/cm/cmsy7.pfb><C:/Use
rs/erick/AppData/Local/Programs/MiKTeX/fonts/type1/public/amsfonts/cm/cmsy9.pfb
><C:/Users/erick/AppData/Local/Programs/MiKTeX/fonts/type1/public/amsfonts/cm/c
mti7.pfb><C:/Users/erick/AppData/Local/Programs/MiKTeX/fonts/type1/public/amsfo
nts/cm/cmtt10.pfb><C:/Users/erick/AppData/Local/Programs/MiKTeX/fonts/type1/pub
lic/amsfonts/cm/cmtt9.pfb>
Output written on plantilla_proyecto.pdf (26 pages, 529295 bytes).
PDF statistics:
 1086 PDF objects out of 1200 (max. 8388607)
 611 named destinations out of 1000 (max. 500000)
 303 words of extra memory for PDF output out of 10000 (max. 10000000)

