\BOOKMARK [1][-]{section.1}{\376\377\000M\000o\000d\000e\000l\000o\000\040\000d\000e\000\040\000T\000r\000a\000n\000s\000p\000o\000r\000t\000e}{}% 1
\BOOKMARK [2][-]{subsection.1.1}{\376\377\000V\000a\000r\000i\000a\000b\000l\000e\000s\000\040\000d\000e\000\040\000d\000e\000c\000i\000s\000i\000\363\000n}{section.1}% 2
\BOOKMARK [2][-]{subsection.1.2}{\376\377\000F\000u\000n\000c\000i\000\363\000n\000\040\000o\000b\000j\000e\000t\000i\000v\000o}{section.1}% 3
\BOOKMARK [2][-]{subsection.1.3}{\376\377\000R\000e\000s\000t\000r\000i\000c\000c\000i\000o\000n\000e\000s\000\040\000d\000e\000\040\000o\000f\000e\000r\000t\000a}{section.1}% 4
\BOOKMARK [2][-]{subsection.1.4}{\376\377\000R\000e\000s\000t\000r\000i\000c\000c\000i\000o\000n\000e\000s\000\040\000d\000e\000\040\000d\000e\000m\000a\000n\000d\000a}{section.1}% 5
\BOOKMARK [2][-]{subsection.1.5}{\376\377\000R\000e\000s\000t\000r\000i\000c\000c\000i\000\363\000n\000\040\000d\000e\000\040\000n\000o\000\040\000n\000e\000g\000a\000t\000i\000v\000i\000d\000a\000d}{section.1}% 6
\BOOKMARK [2][-]{subsection.1.6}{\376\377\000C\000o\000m\000p\000r\000o\000b\000a\000c\000i\000\363\000n\000\040\000d\000e\000\040\000b\000a\000l\000a\000n\000c\000e\000o}{section.1}% 7
\BOOKMARK [1][-]{section.2}{\376\377\000S\000o\000l\000u\000c\000i\000\363\000n\000\040\000i\000n\000i\000c\000i\000a\000l\000\040\000\050\000M\000\351\000t\000o\000d\000o\000\040\000d\000e\000\040\000C\000o\000s\000t\000o\000\040\000M\000\355\000n\000i\000m\000o\000\051}{}% 8
\BOOKMARK [1][-]{section.3}{\376\377\000C\000o\000s\000t\000o\000\040\000i\000n\000i\000c\000i\000a\000l}{}% 9
\BOOKMARK [1][-]{section.4}{\376\377\000M\000\351\000t\000o\000d\000o\000\040\000M\000O\000D\000I\000\040\040\024\000\040\000P\000r\000i\000m\000e\000r\000a\000\040\000i\000t\000e\000r\000a\000c\000i\000\363\000n}{}% 10
\BOOKMARK [1][-]{section.5}{\376\377\000C\000i\000c\000l\000o\000\040\000c\000e\000r\000r\000a\000d\000o\000\040\000y\000\040\000c\000\341\000l\000c\000u\000l\000o\000\040\000d\000e\000\040}{}% 11
\BOOKMARK [1][-]{section.6}{\376\377\000N\000u\000e\000v\000a\000\040\000s\000o\000l\000u\000c\000i\000\363\000n\000\040\000b\000\341\000s\000i\000c\000a\000\040\000f\000a\000c\000t\000i\000b\000l\000e}{}% 12
\BOOKMARK [1][-]{section.7}{\376\377\000N\000u\000e\000v\000o\000\040\000c\000o\000s\000t\000o\000\040\000t\000o\000t\000a\000l}{}% 13
\BOOKMARK [1][-]{section.8}{\376\377\000S\000e\000g\000u\000n\000d\000a\000\040\000i\000t\000e\000r\000a\000c\000i\000\363\000n\000\040\000M\000O\000D\000I}{}% 14
\BOOKMARK [2][-]{subsection.8.1}{\376\377\000V\000e\000r\000i\000f\000i\000c\000a\000c\000i\000\363\000n\000\040\000d\000e\000\040\000o\000p\000t\000i\000m\000a\000l\000i\000d\000a\000d}{section.8}% 15
\BOOKMARK [2][-]{subsection.8.2}{\376\377\000D\000a\000t\000o\000s\000\040\000P\000r\000o\000p\000o\000r\000c\000i\000o\000n\000a\000d\000o\000s}{section.8}% 16
\BOOKMARK [3][-]{subsubsection.8.2.1}{\376\377\000S\000u\000b\000t\000\355\000t\000u\000l\000o\000\040\000d\000e\000\040\000d\000a\000t\000o\000s}{subsection.8.2}% 17
\BOOKMARK [2][-]{subsection.8.3}{\376\377\000T\000a\000r\000e\000a\000s\000\040\000E\000s\000p\000e\000c\000\355\000f\000i\000c\000a\000s}{section.8}% 18
\BOOKMARK [3][-]{subsubsection.8.3.1}{\376\377\000T\000a\000r\000e\000a\000\040\0001}{subsection.8.3}% 19
\BOOKMARK [3][-]{subsubsection.8.3.2}{\376\377\000I\000m\000p\000l\000e\000m\000e\000n\000t\000a\000c\000i\000\363\000n\000\040\000e\000n\000\040\000R}{subsection.8.3}% 20
\BOOKMARK [3][-]{subsubsection.8.3.3}{\376\377\000E\000x\000t\000r\000a\000c\000c\000i\000\363\000n\000\040\000d\000e\000\040\000R\000e\000s\000u\000l\000t\000a\000d\000o\000s}{subsection.8.3}% 21
\BOOKMARK [1][-]{section.9}{\376\377\000P\000a\000r\000t\000e\000\040\0002\000:\000\040\000T\000\355\000t\000u\000l\000o\000\040\000d\000e\000\040\000l\000a\000\040\000P\000a\000r\000t\000e}{}% 22
\BOOKMARK [2][-]{subsection.9.1}{\376\377\000D\000e\000s\000c\000r\000i\000p\000c\000i\000\363\000n\000\040\000d\000e\000l\000\040\000P\000r\000o\000b\000l\000e\000m\000a}{section.9}% 23
\BOOKMARK [2][-]{subsection.9.2}{\376\377\000D\000a\000t\000o\000s\000\040\000P\000r\000o\000p\000o\000r\000c\000i\000o\000n\000a\000d\000o\000s}{section.9}% 24
\BOOKMARK [2][-]{subsection.9.3}{\376\377\000T\000a\000r\000e\000a\000s\000\040\000E\000s\000p\000e\000c\000\355\000f\000i\000c\000a\000s}{section.9}% 25
\BOOKMARK [3][-]{subsubsection.9.3.1}{\376\377\000T\000a\000r\000e\000a\000\040\0001}{subsection.9.3}% 26
\BOOKMARK [3][-]{subsubsection.9.3.2}{\376\377\000T\000a\000r\000e\000a\000\040\0002}{subsection.9.3}% 27
\BOOKMARK [1][-]{section.10}{\376\377\000P\000a\000r\000t\000e\000\040\0003\000:\000\040\000E\000n\000t\000r\000e\000g\000a\000\040\000f\000i\000n\000a\000l}{}% 28
\BOOKMARK [2][-]{subsection.10.1}{\376\377\000E\000s\000t\000r\000u\000c\000t\000u\000r\000a\000\040\000d\000e\000l\000\040\000i\000n\000f\000o\000r\000m\000e}{section.10}% 29
\BOOKMARK [3][-]{subsubsection.10.1.1}{\376\377\000P\000o\000r\000t\000a\000d\000a}{subsection.10.1}% 30
\BOOKMARK [3][-]{subsubsection.10.1.2}{\376\377\000R\000e\000s\000u\000m\000e\000n\000\040\000\050\000m\000\341\000x\000.\000\040\0001\000\040\000p\000\341\000g\000i\000n\000a\000\051}{subsection.10.1}% 31
\BOOKMARK [3][-]{subsubsection.10.1.3}{\376\377\000M\000o\000d\000e\000l\000o\000\040\000d\000e\000\040\000t\000r\000a\000n\000s\000p\000o\000r\000t\000e}{subsection.10.1}% 32
\BOOKMARK [3][-]{subsubsection.10.1.4}{\376\377\000G\000e\000s\000t\000i\000\363\000n\000\040\000d\000e\000l\000\040\000p\000r\000o\000y\000e\000c\000t\000o}{subsection.10.1}% 33
\BOOKMARK [1][-]{section.11}{\376\377\000A\000n\000e\000x\000o\000s\000\040\000d\000e\000l\000\040\000p\000r\000o\000y\000e\000c\000t\000o}{}% 34
\BOOKMARK [1][-]{section*.2}{\376\377\000A\000n\000e\000x\000o\000:\000\040\000C\000\363\000d\000i\000g\000o\000\040\000R\000\040\040\024\000\040\000M\000o\000d\000e\000l\000o\000\040\000d\000e\000\040\000T\000r\000a\000n\000s\000p\000o\000r\000t\000e}{}% 35
